[2016-12-29 15:38:28.061] [ERROR] ctrl - postOne Error:Cast to ObjectId failed for value "" at path "type.channel"
[2016-12-29 15:39:36.847] [ERROR] ctrl - postEdit Error:Cast to ObjectId failed for value "" at path "type.channel"
[2016-12-29 16:43:57.205] [ERROR] ctrl - postList Error:You may only yield a function, promise, generator, array, or object, but the following object was passed: "undefined"
[2016-12-29 16:44:25.305] [ERROR] ctrl - postList Error:You may only yield a function, promise, generator, array, or object, but the following object was passed: "undefined"
[2016-12-30 10:24:55.668] [ERROR] ctrl - postAdd Error:Post validation failed
[2016-12-30 10:25:32.520] [ERROR] ctrl - postAdd Error:Post validation failed
[2016-12-30 12:13:27.076] [ERROR] ctrl - delEditor Error:EditorModel.remmove is not a function
[2016-12-30 12:13:31.511] [ERROR] ctrl - delEditor Error:EditorModel.remmove is not a function
[2016-12-30 13:36:53.508] [ERROR] ctrl - findFriend Error:Converting circular structure to JSON
[2016-12-30 13:37:00.890] [ERROR] ctrl - findFriend Error:Converting circular structure to JSON
[2016-12-30 13:37:20.857] [ERROR] ctrl - findFriend Error:Converting circular structure to JSON
[2016-12-30 13:39:29.441] [ERROR] ctrl - delFriend Error:Can't set headers after they are sent.
[2016-12-30 13:59:48.945] [ERROR] ctrl - delModel>>${model} Error:${err.message}
[2016-12-30 14:00:30.915] [ERROR] ctrl - delModel>>${model} Error:${err.message}
[2016-12-30 14:03:30.550] [ERROR] ctrl - delModel>>${model} Error:${err.message}
[2016-12-30 14:04:57.320] [ERROR] ctrl - delModel>>post Error:Model.getModel(...).findOne is not a function
[2016-12-30 14:05:57.411] [ERROR] ctrl - delModel>>library Error:Model.getModel(...).findOne is not a function
[2016-12-30 14:06:17.776] [ERROR] ctrl - delModel>>library Error:Model.getModel(...).findOne is not a function
[2016-12-30 14:07:25.412] [ERROR] ctrl - delModel>>library Error:Model.getModel(...).findOne is not a function
[2016-12-30 14:50:38.648] [ERROR] ctrl - post Error:Can't set headers after they are sent.
[2016-12-30 14:50:44.818] [ERROR] ctrl - post Error:Can't set headers after they are sent.
[2016-12-30 14:50:49.670] [ERROR] ctrl - post Error:Can't set headers after they are sent.
[2016-12-30 14:50:51.420] [ERROR] ctrl - post Error:Can't set headers after they are sent.
[2016-12-30 14:52:45.246] [ERROR] ctrl - post Error:Can't set headers after they are sent.
[2016-12-30 14:54:04.797] [ERROR] ctrl - post Error:Can't set headers after they are sent.
[2016-12-30 14:56:37.342] [ERROR] ctrl - post Error:Can't set headers after they are sent.
[2016-12-30 14:56:43.025] [ERROR] ctrl - post Error:Can't set headers after they are sent.
[2016-12-30 14:57:13.690] [ERROR] ctrl - post Error:Can't set headers after they are sent.
[2016-12-30 14:57:19.773] [ERROR] ctrl - post Error:Can't set headers after they are sent.
[2016-12-30 14:57:38.551] [ERROR] ctrl - post Error:Can't set headers after they are sent.
[2016-12-30 14:57:43.371] [ERROR] ctrl - post Error:Can't set headers after they are sent.
[2016-12-30 14:58:12.734] [ERROR] ctrl - post Error:Can't set headers after they are sent.
[2016-12-30 14:58:14.944] [ERROR] ctrl - post Error:Can't set headers after they are sent.
[2016-12-30 16:41:49.273] [ERROR] ctrl - findModel>>post Error:Cast to ObjectId failed for value "_id" at path "_id" for model "Post"
[2016-12-30 16:45:54.611] [ERROR] ctrl - findModel>>post Error:Cast to ObjectId failed for value "_id" at path "_id" for model "Post"
[2016-12-30 16:46:26.325] [ERROR] ctrl - findModel>>post Error:Cast to ObjectId failed for value "_id" at path "_id" for model "Post"
[2017-01-04 18:37:09.923] [ERROR] ctrl - search Error:array is not defined
[2017-01-04 18:37:11.931] [ERROR] ctrl - search Error:array is not defined
[2017-01-04 18:37:19.195] [ERROR] ctrl - search Error:array is not defined
[2017-01-06 10:44:59.730] [ERROR] ctrl - clickView Error:Invalid select: select only takes 1 argument
[2017-01-06 10:45:23.890] [ERROR] ctrl - clickView Error:Invalid select: select only takes 1 argument
[2017-01-06 10:46:37.928] [ERROR] ctrl - clickView Error:Invalid select: select only takes 1 argument
[2017-01-06 10:48:09.928] [ERROR] ctrl - clickView Error:Invalid select: select only takes 1 argument
[2017-01-06 10:48:26.706] [ERROR] ctrl - clickView Error:Invalid select: select only takes 1 argument
[2017-01-06 12:17:31.356] [ERROR] ctrl - sendComment Error:You may only yield a function, promise, generator, array, or object, but the following object was passed: "undefined"
[2017-01-06 12:18:24.477] [ERROR] ctrl - sendComment Error:You may only yield a function, promise, generator, array, or object, but the following object was passed: "undefined"
[2017-01-06 12:22:15.302] [ERROR] ctrl - sendComment Error:Promise is not defined
[2017-01-06 12:24:27.393] [ERROR] ctrl - sendComment Error:Promise is not defined
[2017-01-06 12:24:58.823] [ERROR] ctrl - sendComment Error:Promise is not defined
[2017-01-06 12:26:39.289] [ERROR] ctrl - sendComment Error:Promise is not defined
[2017-01-06 12:30:02.428] [ERROR] ctrl - sendComment Error:Promise is not defined
[2017-01-06 13:46:45.183] [ERROR] ctrl - sendComment Error:Promise is not defined
[2017-01-06 13:54:18.507] [ERROR] ctrl - sendComment Error:Promise is not defined
[2017-01-06 14:16:51.433] [ERROR] ctrl - sendComment Error:Post validation failed
[2017-01-06 14:18:24.726] [ERROR] ctrl - sendComment Error:Post validation failed
[2017-01-06 15:13:36.480] [ERROR] ctrl - commentList Error:Cast to ObjectId failed for value "/no/i" at path "post" for model "PostComment"
[2017-01-09 11:38:51.284] [ERROR] ctrl - batchDeleteModel>>comment Error:model is not defined
[2017-01-09 11:39:03.710] [ERROR] ctrl - batchDeleteModel>>comment Error:model is not defined
[2017-01-09 11:40:41.747] [ERROR] ctrl - batchDeleteModel>>comment Error:model is not defined
[2017-01-09 11:41:31.855] [ERROR] ctrl - batchDeleteModel>>comment Error:model is not defined
[2017-01-09 11:42:21.593] [ERROR] ctrl - batchDeleteModel>>comment Error:model is not defined
[2017-01-09 11:43:45.273] [ERROR] ctrl - batchDeleteModel>>comment Error:model is not defined
[2017-01-09 11:44:38.174] [ERROR] ctrl - batchDeleteModel>>comment Error:model is not defined
[2017-01-09 11:45:28.944] [ERROR] ctrl - batchDeleteModel>>comment Error:model is not defined
[2017-01-09 11:45:39.562] [ERROR] ctrl - batchDeleteModel>>comment Error:model is not defined
[2017-01-09 11:47:12.271] [ERROR] ctrl - batchDeleteModel>>comment Error:model is not defined
[2017-01-09 11:47:51.091] [ERROR] ctrl - batchDeleteModel>>comment Error:model is not defined
[2017-01-09 11:49:04.774] [ERROR] ctrl - batchDeleteModel>>comment Error:model is not defined
[2017-01-09 11:56:00.588] [ERROR] ctrl - batchDeleteModel>>comment Error:You may only yield a function, promise, generator, array, or object, but the following object was passed: "undefined"
[2017-01-09 11:57:19.724] [ERROR] ctrl - batchDeleteModel>>comment Error:You may only yield a function, promise, generator, array, or object, but the following object was passed: "undefined"
[2017-01-09 11:57:57.513] [ERROR] ctrl - batchDeleteModel>>comment Error:You may only yield a function, promise, generator, array, or object, but the following object was passed: "undefined"
[2017-01-09 11:59:10.572] [ERROR] ctrl - batchDeleteModel>>comment Error:model is not defined
[2017-01-09 11:59:40.928] [ERROR] ctrl - batchDeleteModel>>comment Error:model is not defined
[2017-01-09 12:02:01.380] [ERROR] ctrl - batchDeleteModel>>comment Error:You may only yield a function, promise, generator, array, or object, but the following object was passed: "undefined"
[2017-01-09 12:05:50.751] [ERROR] ctrl - batchDeleteModel>>comment Error:You may only yield a function, promise, generator, array, or object, but the following object was passed: "undefined"
[2017-01-09 12:08:41.338] [ERROR] ctrl - batchDeleteModel>>comment Error:You may only yield a function, promise, generator, array, or object, but the following object was passed: "[object Object]"
[2017-01-09 12:10:39.332] [ERROR] ctrl - batchDeleteModel>>comment Error:You may only yield a function, promise, generator, array, or object, but the following object was passed: "[object Object]"
[2017-01-09 12:13:26.789] [ERROR] ctrl - batchDeleteModel>>comment Error:ids.forEach is not a function
[2017-01-09 13:20:50.862] [ERROR] ctrl - delModel>>comment Error:_id is not defined
[2017-01-12 10:40:49.640] [ERROR] ctrl - saveLeave Error:Cannot set property 'create_date' of undefined
[2017-01-12 16:19:06.477] [ERROR] ctrl - findModel>>post Error:Cast to ObjectId failed for value "NaN" at path "_id" for model "Post"
[2017-01-12 16:19:06.491] [ERROR] ctrl - commentList Error:Cast to ObjectId failed for value "NaN" at path "post" for model "PostComment"
[2017-01-12 16:19:17.349] [ERROR] ctrl - findModel>>post Error:Cast to ObjectId failed for value "NaN" at path "_id" for model "Post"
[2017-01-12 16:19:17.352] [ERROR] ctrl - commentList Error:Cast to ObjectId failed for value "NaN" at path "post" for model "PostComment"
[2017-01-12 16:41:01.333] [ERROR] ctrl - correlationPost Error:Cast to ObjectId failed for value "undefined" at path "type.channel" for model "Post"
[2017-01-12 16:42:22.452] [ERROR] ctrl - correlationPost Error:Cast to ObjectId failed for value "undefined" at path "type.channel" for model "Post"
[2017-01-12 17:09:34.511] [ERROR] ctrl - correlationPost Error:Cast to ObjectId failed for value "[object Object]" at path "type.channel" for model "Post"
[2017-01-12 17:09:38.863] [ERROR] ctrl - correlationPost Error:Cast to ObjectId failed for value "[object Object]" at path "type.channel" for model "Post"
[2017-01-12 17:09:43.309] [ERROR] ctrl - correlationPost Error:Cast to ObjectId failed for value "[object Object]" at path "type.channel" for model "Post"
[2017-01-12 17:10:37.930] [ERROR] ctrl - correlationPost Error:Cast to ObjectId failed for value "null" at path "type.channel" for model "Post"
[2017-01-12 17:13:31.452] [ERROR] ctrl - correlationPost Error:Cast to ObjectId failed for value "null" at path "type.channel" for model "Post"
[2017-01-12 17:18:54.973] [ERROR] ctrl - correlationPost Error:Cast to ObjectId failed for value "null" at path "type.channel" for model "Post"
[2017-01-12 17:19:11.542] [ERROR] ctrl - correlationPost Error:Cast to ObjectId failed for value "null" at path "type.channel" for model "Post"
[2017-01-12 17:19:16.194] [ERROR] ctrl - correlationPost Error:Cast to ObjectId failed for value "null" at path "type.channel" for model "Post"
[2017-01-12 17:20:01.991] [ERROR] ctrl - correlationPost Error:Cast to ObjectId failed for value "null" at path "type.channel" for model "Post"
[2017-01-12 17:20:54.567] [ERROR] ctrl - correlationPost Error:Cast to ObjectId failed for value "null" at path "type.channel" for model "Post"
[2017-01-12 17:21:44.370] [ERROR] ctrl - correlationPost Error:Cast to ObjectId failed for value "null" at path "type.channel" for model "Post"
[2017-01-12 17:22:48.875] [ERROR] ctrl - correlationPost Error:Cast to ObjectId failed for value "null" at path "type.channel" for model "Post"
[2017-01-12 17:22:58.086] [ERROR] ctrl - correlationPost Error:Cast to ObjectId failed for value "null" at path "type.channel" for model "Post"
[2017-01-12 17:23:04.309] [ERROR] ctrl - correlationPost Error:Cast to ObjectId failed for value "null" at path "type.channel" for model "Post"
[2017-01-12 17:23:44.007] [ERROR] ctrl - correlationPost Error:Cast to ObjectId failed for value "null" at path "type.channel" for model "Post"
[2017-01-12 17:24:19.921] [ERROR] ctrl - correlationPost Error:Cast to ObjectId failed for value "null" at path "type.channel" for model "Post"
[2017-01-17 13:15:27.809] [ERROR] ctrl - library Error:not authorized on blog_express to execute command { find: "libraries", filter: { state: 1 } }
[2017-01-17 13:15:38.592] [ERROR] ctrl - library Error:not authorized on blog_express to execute command { find: "libraries", filter: { state: 1 } }
[2017-01-17 13:15:43.290] [ERROR] ctrl - library Error:not authorized on blog_express to execute command { find: "libraries", filter: { state: 1 } }
[2017-01-17 13:21:46.030] [ERROR] ctrl - post Error:not authorized on admin to execute command { find: "posts", filter: { type.type: "post", release_state: 1 }, sort: { is_top: -1, create_date: -1 } }
[2017-01-17 13:21:46.035] [ERROR] ctrl - library Error:not authorized on admin to execute command { find: "libraries", filter: { state: 1 } }
[2017-01-17 13:21:48.053] [ERROR] ctrl - post Error:not authorized on admin to execute command { find: "posts", filter: { type.type: "demo", release_state: 1 }, sort: { is_top: -1, create_date: -1 } }
[2017-01-17 13:21:53.150] [ERROR] ctrl - post Error:not authorized on admin to execute command { find: "posts", filter: { type.type: "demo", release_state: 1 }, sort: { is_top: -1, create_date: -1 } }
[2017-01-17 13:21:53.154] [ERROR] ctrl - library Error:not authorized on admin to execute command { find: "libraries", filter: { state: 1 } }
[2017-01-17 13:21:54.070] [ERROR] ctrl - post Error:not authorized on admin to execute command { find: "posts", filter: { type.type: "demo", release_state: 1 }, sort: { is_top: -1, create_date: -1 } }
[2017-01-17 13:21:54.074] [ERROR] ctrl - library Error:not authorized on admin to execute command { find: "libraries", filter: { state: 1 } }
[2017-01-17 13:25:19.007] [ERROR] ctrl - post Error:not authorized on blog_express to execute command { find: "posts", filter: { type.type: "demo", release_state: 1 }, sort: { is_top: -1, create_date: -1 } }
[2017-01-17 13:25:19.011] [ERROR] ctrl - library Error:not authorized on blog_express to execute command { find: "libraries", filter: { state: 1 } }
[2017-01-17 13:25:19.826] [ERROR] ctrl - post Error:not authorized on blog_express to execute command { find: "posts", filter: { type.type: "demo", release_state: 1 }, sort: { is_top: -1, create_date: -1 } }
[2017-01-17 13:25:19.826] [ERROR] ctrl - library Error:not authorized on blog_express to execute command { find: "libraries", filter: { state: 1 } }
[2017-01-17 13:25:20.611] [ERROR] ctrl - post Error:not authorized on blog_express to execute command { find: "posts", filter: { type.type: "post", release_state: 1 }, sort: { is_top: -1, create_date: -1 } }
[2017-01-17 13:25:21.801] [ERROR] ctrl - post Error:not authorized on blog_express to execute command { find: "posts", filter: { type.type: "demo", release_state: 1 }, sort: { is_top: -1, create_date: -1 } }
[2017-01-17 13:25:22.408] [ERROR] ctrl - post Error:not authorized on blog_express to execute command { find: "posts", filter: { type.type: "suji", release_state: 1 }, sort: { is_top: -1, create_date: -1 } }
[2017-01-17 13:28:48.534] [ERROR] ctrl - post Error:not authorized on blog_express to execute command { find: "posts", filter: { type.type: "suji", release_state: 1 }, sort: { is_top: -1, create_date: -1 } }
[2017-01-17 13:28:48.539] [ERROR] ctrl - library Error:not authorized on blog_express to execute command { find: "libraries", filter: { state: 1 } }
[2017-01-17 13:28:49.339] [ERROR] ctrl - post Error:not authorized on blog_express to execute command { find: "posts", filter: { type.type: "suji", release_state: 1 }, sort: { is_top: -1, create_date: -1 } }
[2017-01-17 13:28:49.343] [ERROR] ctrl - library Error:not authorized on blog_express to execute command { find: "libraries", filter: { state: 1 } }
[2017-01-17 13:28:52.644] [ERROR] ctrl - post Error:not authorized on blog_express to execute command { find: "posts", filter: { type.type: "post", release_state: 1 }, sort: { is_top: -1, create_date: -1 } }
[2017-01-17 13:29:16.351] [ERROR] ctrl - library Error:not authorized on blog_express to execute command { find: "libraries", filter: { state: 1 } }
[2017-01-17 13:29:18.879] [ERROR] ctrl - post Error:not authorized on blog_express to execute command { find: "posts", filter: { type.type: "demo", release_state: 1 }, sort: { is_top: -1, create_date: -1 } }
[2017-01-17 13:29:19.750] [ERROR] ctrl - post Error:not authorized on blog_express to execute command { find: "posts", filter: { type.type: "post", release_state: 1 }, sort: { is_top: -1, create_date: -1 } }
[2017-01-17 13:52:37.361] [ERROR] ctrl - library Error:not authorized on blog_express to execute command { find: "libraries", filter: { state: 1 } }
[2017-01-17 13:52:48.846] [ERROR] ctrl - library Error:not authorized on blog_express to execute command { find: "libraries", filter: { state: 1 } }
[2017-01-17 13:52:51.457] [ERROR] ctrl - post Error:not authorized on blog_express to execute command { find: "posts", filter: { type.type: "post", release_state: 1 }, sort: { is_top: -1, create_date: -1 } }
[2017-01-17 13:52:52.189] [ERROR] ctrl - post Error:not authorized on blog_express to execute command { find: "posts", filter: { type.type: "demo", release_state: 1 }, sort: { is_top: -1, create_date: -1 } }
[2017-01-17 13:52:52.814] [ERROR] ctrl - post Error:not authorized on blog_express to execute command { find: "posts", filter: { type.type: "suji", release_state: 1 }, sort: { is_top: -1, create_date: -1 } }
[2017-01-17 13:53:06.122] [ERROR] ctrl - post Error:not authorized on blog_express to execute command { find: "posts", filter: { type.type: "suji", release_state: 1 }, sort: { is_top: -1, create_date: -1 } }
[2017-01-17 13:53:06.127] [ERROR] ctrl - library Error:not authorized on blog_express to execute command { find: "libraries", filter: { state: 1 } }
[2017-01-17 13:53:07.283] [ERROR] ctrl - post Error:not authorized on blog_express to execute command { find: "posts", filter: { type.type: "suji", release_state: 1 }, sort: { is_top: -1, create_date: -1 } }
[2017-01-17 13:53:07.286] [ERROR] ctrl - library Error:not authorized on blog_express to execute command { find: "libraries", filter: { state: 1 } }
[2017-01-17 13:53:09.567] [ERROR] ctrl - post Error:not authorized on blog_express to execute command { find: "posts", filter: { type.type: "post", release_state: 1 }, sort: { is_top: -1, create_date: -1 } }
[2017-01-17 13:53:10.164] [ERROR] ctrl - post Error:not authorized on blog_express to execute command { find: "posts", filter: { type.type: "demo", release_state: 1 }, sort: { is_top: -1, create_date: -1 } }
[2017-01-17 13:53:10.712] [ERROR] ctrl - post Error:not authorized on blog_express to execute command { find: "posts", filter: { type.type: "suji", release_state: 1 }, sort: { is_top: -1, create_date: -1 } }
[2017-01-17 13:53:11.299] [ERROR] ctrl - leaveList Error:not authorized on blog_express to execute command { find: "leaves", filter: { state: 1 }, sort: { create_date: -1 } }
[2017-01-17 13:53:16.893] [ERROR] ctrl - post Error:not authorized on blog_express to execute command { find: "posts", filter: { type.type: "demo", release_state: 1 }, sort: { is_top: -1, create_date: -1 } }
[2017-01-17 13:53:17.535] [ERROR] ctrl - post Error:not authorized on blog_express to execute command { find: "posts", filter: { type.type: "post", release_state: 1 }, sort: { is_top: -1, create_date: -1 } }
[2017-01-17 13:54:39.909] [ERROR] ctrl - post Error:not authorized on blog_express to execute command { find: "posts", filter: { type.type: "post", release_state: 1 }, sort: { is_top: -1, create_date: -1 } }
[2017-01-17 13:54:39.914] [ERROR] ctrl - library Error:not authorized on blog_express to execute command { find: "libraries", filter: { state: 1 } }
[2017-01-17 13:54:42.980] [ERROR] ctrl - post Error:not authorized on blog_express to execute command { find: "posts", filter: { type.type: "demo", release_state: 1 }, sort: { is_top: -1, create_date: -1 } }
[2017-01-17 13:54:43.583] [ERROR] ctrl - post Error:not authorized on blog_express to execute command { find: "posts", filter: { type.type: "suji", release_state: 1 }, sort: { is_top: -1, create_date: -1 } }
[2017-01-17 13:55:24.557] [ERROR] ctrl - library Error:not authorized on blog_express to execute command { find: "libraries", filter: { state: 1 } }
[2017-01-17 13:55:25.028] [ERROR] ctrl - library Error:not authorized on blog_express to execute command { find: "libraries", filter: { state: 1 } }
[2017-01-17 13:59:12.568] [ERROR] ctrl - library Error:not authorized on blog_express to execute command { find: "libraries", filter: { state: 1 } }
[2017-01-17 14:00:01.899] [ERROR] ctrl - library Error:not authorized on blog_express to execute command { find: "libraries", filter: { state: 1 } }
[2017-01-17 14:00:04.215] [ERROR] ctrl - library Error:not authorized on blog_express to execute command { find: "libraries", filter: { state: 1 } }
[2017-01-17 14:05:15.735] [ERROR] ctrl - library Error:not authorized on blog_express to execute command { find: "libraries", filter: { state: 1 } }
[2017-01-17 14:05:19.846] [ERROR] ctrl - post Error:not authorized on blog_express to execute command { find: "posts", filter: { type.type: "post", release_state: 1 }, sort: { is_top: -1, create_date: -1 } }
[2017-01-17 14:05:20.407] [ERROR] ctrl - post Error:not authorized on blog_express to execute command { find: "posts", filter: { type.type: "demo", release_state: 1 }, sort: { is_top: -1, create_date: -1 } }
[2017-01-17 14:08:46.562] [ERROR] ctrl - library Error:not authorized on blog_express to execute command { find: "libraries", filter: { state: 1 } }
[2017-01-17 14:09:44.889] [ERROR] ctrl - library Error:not authorized on blog_express to execute command { find: "libraries", filter: { state: 1 } }
[2017-01-17 14:10:18.842] [ERROR] ctrl - library Error:not authorized on blog_express to execute command { find: "libraries", filter: { state: 1 } }
[2017-01-17 14:17:15.240] [ERROR] ctrl - library Error:not authorized on blog_express to execute command { find: "libraries", filter: { state: 1 } }
[2017-01-17 14:18:28.117] [ERROR] ctrl - library Error:not authorized on blog_express to execute command { find: "libraries", filter: { state: 1 } }
[2017-01-17 14:18:29.016] [ERROR] ctrl - library Error:not authorized on blog_express to execute command { find: "libraries", filter: { state: 1 } }
[2017-01-17 14:18:29.768] [ERROR] ctrl - library Error:not authorized on blog_express to execute command { find: "libraries", filter: { state: 1 } }
[2017-01-17 14:18:30.466] [ERROR] ctrl - library Error:not authorized on blog_express to execute command { find: "libraries", filter: { state: 1 } }
[2017-01-17 14:19:56.355] [ERROR] ctrl - library Error:not authorized on blog_express to execute command { find: "libraries", filter: { state: 1 } }
[2017-01-17 14:19:57.220] [ERROR] ctrl - library Error:not authorized on blog_express to execute command { find: "libraries", filter: { state: 1 } }
[2017-01-17 14:19:58.025] [ERROR] ctrl - library Error:not authorized on blog_express to execute command { find: "libraries", filter: { state: 1 } }
[2017-01-17 14:20:01.657] [ERROR] ctrl - post Error:not authorized on blog_express to execute command { find: "posts", filter: { type.type: "demo", release_state: 1 }, sort: { is_top: -1, create_date: -1 } }
[2017-01-17 14:20:06.669] [ERROR] ctrl - login Error:not authorized on blog_express to execute command { find: "editors", filter: { username: "linkenliu" }, limit: 1, batchSize: 1, singleBatch: true }
[2017-01-17 14:28:50.301] [ERROR] ctrl - library Error:not authorized on blog_express to execute command { find: "libraries", filter: { state: 1 } }
[2017-01-17 14:28:52.845] [ERROR] ctrl - library Error:not authorized on blog_express to execute command { find: "libraries", filter: { state: 1 } }
[2017-01-17 14:28:54.722] [ERROR] ctrl - library Error:not authorized on blog_express to execute command { find: "libraries", filter: { state: 1 } }
[2017-01-17 14:31:13.813] [ERROR] ctrl - library Error:not authorized on blog_express to execute command { find: "libraries", filter: { state: 1 } }
[2017-01-17 14:31:16.301] [ERROR] ctrl - library Error:not authorized on blog_express to execute command { find: "libraries", filter: { state: 1 } }
[2017-01-17 14:31:29.717] [ERROR] ctrl - library Error:not authorized on blog_express to execute command { find: "libraries", filter: { state: 1 } }
[2017-01-17 14:31:39.135] [ERROR] ctrl - library Error:not authorized on blog_express to execute command { find: "libraries", filter: { state: 1 } }
[2017-01-17 14:31:39.571] [ERROR] ctrl - library Error:not authorized on blog_express to execute command { find: "libraries", filter: { state: 1 } }
[2017-01-17 14:36:20.417] [ERROR] ctrl - library Error:not authorized on blog_express to execute command { find: "libraries", filter: { state: 1 } }
[2017-01-17 14:55:41.507] [ERROR] ctrl - library Error:not authorized on blog_express to execute command { find: "libraries", filter: { state: 1 } }
[2017-01-17 15:00:40.430] [ERROR] ctrl - library Error:not authorized on blog_express to execute command { find: "libraries", filter: { state: 1 } }
[2017-01-17 15:00:43.030] [ERROR] ctrl - library Error:not authorized on blog_express to execute command { find: "libraries", filter: { state: 1 } }
[2017-01-17 15:03:51.799] [ERROR] ctrl - library Error:not authorized on blog_express to execute command { find: "libraries", filter: { state: 1 } }
[2017-01-17 15:06:37.829] [ERROR] ctrl - library Error:not authorized on blog_express to execute command { find: "libraries", filter: { state: 1 } }
[2017-01-17 15:21:22.722] [ERROR] ctrl - library Error:not authorized on blog_express to execute command { find: "libraries", filter: { state: 1 } }
[2017-01-17 15:22:36.885] [ERROR] ctrl - library Error:not authorized on blog_express to execute command { find: "libraries", filter: { state: 1 } }
[2017-01-17 15:24:14.801] [ERROR] ctrl - post Error:not authorized on blog_express to execute command { find: "posts", filter: { type.type: "post", release_state: 1 }, sort: { is_top: -1, create_date: -1 } }
[2017-01-17 15:24:14.831] [ERROR] ctrl - library Error:not authorized on blog_express to execute command { find: "libraries", filter: { state: 1 } }
[2017-01-17 15:30:09.856] [ERROR] ctrl - post Error:not authorized on blog_express to execute command { find: "posts", filter: { type.type: "post", release_state: 1 }, sort: { is_top: -1, create_date: -1 } }
[2017-01-17 15:30:09.858] [ERROR] ctrl - library Error:not authorized on blog_express to execute command { find: "libraries", filter: { state: 1 } }
[2017-01-17 15:37:04.596] [ERROR] ctrl - library Error:not authorized on blog_express to execute command { find: "libraries", filter: { state: 1 } }
[2017-01-17 15:37:43.875] [ERROR] ctrl - library Error:not authorized on blog_express to execute command { find: "libraries", filter: { state: 1 } }
[2017-01-17 16:31:21.976] [ERROR] ctrl - post Error:not authorized on blog_express to execute command { find: "posts", filter: { type.type: "post", release_state: 1 }, sort: { is_top: -1, create_date: -1 } }
[2017-01-17 16:31:22.834] [ERROR] ctrl - post Error:not authorized on blog_express to execute command { find: "posts", filter: { type.type: "demo", release_state: 1 }, sort: { is_top: -1, create_date: -1 } }
[2017-01-17 16:31:23.550] [ERROR] ctrl - post Error:not authorized on blog_express to execute command { find: "posts", filter: { type.type: "suji", release_state: 1 }, sort: { is_top: -1, create_date: -1 } }
[2017-01-17 16:31:24.324] [ERROR] ctrl - leaveList Error:not authorized on blog_express to execute command { find: "leaves", filter: { state: 1 }, sort: { create_date: -1 } }
[2017-01-17 16:32:42.887] [ERROR] ctrl - library Error:not authorized on blog_express to execute command { find: "libraries", filter: { state: 1 } }
[2017-01-17 16:37:36.311] [ERROR] ctrl - library Error:not authorized on blog_express to execute command { find: "libraries", filter: { state: 1 } }
[2017-01-17 16:45:58.194] [ERROR] ctrl - library Error:not authorized on blog_express to execute command { find: "libraries", filter: { state: 1 } }
[2017-01-17 16:46:00.424] [ERROR] ctrl - library Error:not authorized on blog_express to execute command { find: "libraries", filter: { state: 1 } }
[2017-01-17 16:46:19.149] [ERROR] ctrl - library Error:not authorized on blog_express to execute command { find: "libraries", filter: { state: 1 } }
[2017-01-17 16:46:48.546] [ERROR] ctrl - library Error:not authorized on blog_express to execute command { find: "libraries", filter: { state: 1 } }
[2017-01-17 16:46:52.116] [ERROR] ctrl - library Error:not authorized on blog_express to execute command { find: "libraries", filter: { state: 1 } }
[2017-01-17 16:51:22.601] [ERROR] ctrl - library Error:not authorized on blog_express to execute command { find: "libraries", filter: { state: 1 } }
[2017-01-17 16:53:54.220] [ERROR] ctrl - library Error:not authorized on blog_express to execute command { find: "libraries", filter: { state: 1 } }
[2017-01-17 16:53:56.612] [ERROR] ctrl - post Error:not authorized on blog_express to execute command { find: "posts", filter: { type.type: "post", release_state: 1 }, sort: { is_top: -1, create_date: -1 } }
[2017-01-17 17:30:55.930] [ERROR] ctrl - library Error:not authorized on blog_express to execute command { find: "libraries", filter: { state: 1 } }
[2017-01-17 17:31:12.137] [ERROR] ctrl - library Error:not authorized on blog_express to execute command { find: "libraries", filter: { state: 1 } }
[2017-01-17 17:31:12.625] [ERROR] ctrl - library Error:not authorized on blog_express to execute command { find: "libraries", filter: { state: 1 } }
[2017-01-17 17:32:13.247] [ERROR] ctrl - library Error:not authorized on blog_express to execute command { find: "libraries", filter: { state: 1 } }
[2017-01-17 17:32:15.484] [ERROR] ctrl - library Error:not authorized on blog_express to execute command { find: "libraries", filter: { state: 1 } }
[2017-01-22 15:03:20.671] [ERROR] ctrl - editEditor Error:Bad input string
[2017-01-22 15:04:51.140] [ERROR] ctrl - editEditor Error:Bad input string
[2017-01-22 15:06:01.535] [ERROR] ctrl - login Error:Bad input string
[2017-01-22 15:06:03.947] [ERROR] ctrl - login Error:Bad input string
[2017-01-22 15:06:11.678] [ERROR] ctrl - login Error:Bad input string
[2017-01-22 15:06:11.904] [ERROR] ctrl - login Error:Bad input string
[2017-01-22 15:12:38.530] [ERROR] ctrl - login Error:Bad input string
